[Thu Dec 11 01:24:23 2025] PHP 8.3.6 Development Server (http://localhost:8000) started
[Thu Dec 11 01:25:29 2025] [::1]:53814 Accepted
[Thu Dec 11 01:25:29 2025] [::1]:53814 [200]: GET /index.php
[Thu Dec 11 01:25:29 2025] [::1]:53814 Closing
[Thu Dec 11 01:25:29 2025] [::1]:53818 Accepted
[Thu Dec 11 01:25:29 2025] [::1]:53818 [200]: GET /style.css
[Thu Dec 11 01:25:29 2025] [::1]:53818 Closing
[Thu Dec 11 01:26:24 2025] [::1]:59294 Accepted
[Thu Dec 11 01:26:24 2025] [::1]:59294 [200]: GET /index.php
[Thu Dec 11 01:26:24 2025] [::1]:59294 Closing
[Thu Dec 11 01:26:24 2025] [::1]:59310 Accepted
[Thu Dec 11 01:26:24 2025] [::1]:59310 [200]: GET /style.css
[Thu Dec 11 01:26:24 2025] [::1]:59310 Closing
[Thu Dec 11 01:26:24 2025] [::1]:59312 Accepted
[Thu Dec 11 01:26:24 2025] [::1]:59312 [200]: GET /get_login_roles.php?dept_id=test_dept
[Thu Dec 11 01:26:24 2025] [::1]:59312 Closing
[Thu Dec 11 01:26:24 2025] [::1]:59324 Accepted
[Thu Dec 11 01:26:24 2025] PHP Warning:  Undefined array key "password" in /app/login.php on line 105
[Thu Dec 11 01:26:24 2025] [::1]:59324 [302]: POST /login.php
[Thu Dec 11 01:26:24 2025] [::1]:59324 Closing
[Thu Dec 11 01:26:24 2025] [::1]:59340 Accepted
[Thu Dec 11 01:26:24 2025] [::1]:59340 [200]: GET /index.php?error=Incorrect+Password
[Thu Dec 11 01:26:24 2025] [::1]:59340 Closing
[Thu Dec 11 01:26:24 2025] [::1]:59352 Accepted
[Thu Dec 11 01:26:24 2025] [::1]:59352 [200]: GET /style.css
[Thu Dec 11 01:26:24 2025] [::1]:59352 Closing
[Thu Dec 11 01:26:25 2025] [::1]:59360 Accepted
[Thu Dec 11 01:26:25 2025] [::1]:59360 [302]: GET /file_manager.php
[Thu Dec 11 01:26:25 2025] [::1]:59360 Closing
[Thu Dec 11 01:26:25 2025] [::1]:59368 Accepted
[Thu Dec 11 01:26:25 2025] [::1]:59368 [200]: GET /index.php
[Thu Dec 11 01:26:25 2025] [::1]:59368 Closing
[Thu Dec 11 01:26:25 2025] [::1]:59380 Accepted
[Thu Dec 11 01:26:25 2025] [::1]:59380 [200]: GET /style.css
[Thu Dec 11 01:26:25 2025] [::1]:59380 Closing
[Thu Dec 11 01:27:09 2025] [::1]:45462 Accepted
[Thu Dec 11 01:27:09 2025] [::1]:45462 [200]: GET /index.php
[Thu Dec 11 01:27:09 2025] [::1]:45462 Closing
[Thu Dec 11 01:27:09 2025] [::1]:45476 Accepted
[Thu Dec 11 01:27:09 2025] [::1]:45476 [200]: GET /style.css
[Thu Dec 11 01:27:09 2025] [::1]:45476 Closing
[Thu Dec 11 01:27:09 2025] [::1]:45478 Accepted
[Thu Dec 11 01:27:09 2025] [::1]:45478 [200]: GET /get_login_roles.php?dept_id=test_dept
[Thu Dec 11 01:27:09 2025] [::1]:45478 Closing
[Thu Dec 11 01:27:09 2025] [::1]:45490 Accepted
[Thu Dec 11 01:27:09 2025] PHP Warning:  Undefined array key "password" in /app/login.php on line 105
[Thu Dec 11 01:27:09 2025] [::1]:45490 [302]: POST /login.php
[Thu Dec 11 01:27:09 2025] [::1]:45490 Closing
[Thu Dec 11 01:27:09 2025] [::1]:45498 Accepted
[Thu Dec 11 01:27:09 2025] [::1]:45498 [200]: GET /index.php?error=Incorrect+Password
[Thu Dec 11 01:27:09 2025] [::1]:45498 Closing
[Thu Dec 11 01:27:09 2025] [::1]:45506 Accepted
[Thu Dec 11 01:27:09 2025] [::1]:45506 [200]: GET /style.css
[Thu Dec 11 01:27:09 2025] [::1]:45506 Closing
[Thu Dec 11 01:27:10 2025] [::1]:45508 Accepted
[Thu Dec 11 01:27:10 2025] [::1]:45508 [302]: GET /file_manager.php
[Thu Dec 11 01:27:10 2025] [::1]:45508 Closing
[Thu Dec 11 01:27:10 2025] [::1]:45518 Accepted
[Thu Dec 11 01:27:10 2025] [::1]:45518 [200]: GET /index.php
[Thu Dec 11 01:27:10 2025] [::1]:45518 Closing
[Thu Dec 11 01:27:10 2025] [::1]:45524 Accepted
[Thu Dec 11 01:27:10 2025] [::1]:45524 [200]: GET /style.css
[Thu Dec 11 01:27:10 2025] [::1]:45524 Closing
[Thu Dec 11 01:27:16 2025] [::1]:48980 Accepted
[Thu Dec 11 01:27:16 2025] PHP Warning:  Undefined array key "password" in /app/login.php on line 105
[Thu Dec 11 01:27:16 2025] [::1]:48980 [302]: POST /login.php
[Thu Dec 11 01:27:16 2025] [::1]:48980 Closing
[Thu Dec 11 01:28:07 2025] [::1]:51594 Accepted
[Thu Dec 11 01:28:07 2025] PHP Warning:  Undefined array key "password" in /app/login.php on line 105
[Thu Dec 11 01:28:07 2025] [::1]:51594 [302]: POST /login.php
[Thu Dec 11 01:28:07 2025] [::1]:51594 Closing
[Thu Dec 11 01:28:29 2025] [::1]:50268 Accepted
[Thu Dec 11 01:28:29 2025] [::1]:50268 [302]: POST /login.php
[Thu Dec 11 01:28:29 2025] [::1]:50268 Closing
[Thu Dec 11 01:28:38 2025] [::1]:51150 Accepted
[Thu Dec 11 01:28:38 2025] [::1]:51150 [200]: GET /index.php
[Thu Dec 11 01:28:38 2025] [::1]:51150 Closing
[Thu Dec 11 01:28:38 2025] [::1]:51156 Accepted
[Thu Dec 11 01:28:38 2025] [::1]:51156 [200]: GET /style.css
[Thu Dec 11 01:28:38 2025] [::1]:51156 Closing
[Thu Dec 11 01:28:38 2025] [::1]:51162 Accepted
[Thu Dec 11 01:28:38 2025] [::1]:51162 [200]: GET /get_login_roles.php?dept_id=test_dept
[Thu Dec 11 01:28:38 2025] [::1]:51162 Closing
[Thu Dec 11 01:28:38 2025] [::1]:51170 Accepted
[Thu Dec 11 01:28:38 2025] [::1]:51170 [302]: POST /login.php
[Thu Dec 11 01:28:38 2025] [::1]:51170 Closing
[Thu Dec 11 01:28:38 2025] [::1]:51184 Accepted
[Thu Dec 11 01:28:38 2025] [::1]:51184 [200]: GET /dashboard.php
[Thu Dec 11 01:28:38 2025] [::1]:51184 Closing
[Thu Dec 11 01:28:38 2025] [::1]:51186 Accepted
[Thu Dec 11 01:28:38 2025] [::1]:51186 [200]: GET /style.css
[Thu Dec 11 01:28:38 2025] [::1]:51186 Closing
[Thu Dec 11 01:28:39 2025] [::1]:51188 Accepted
[Thu Dec 11 01:28:39 2025] [::1]:51188 [200]: GET /file_manager.php
[Thu Dec 11 01:28:39 2025] [::1]:51188 Closing
[Thu Dec 11 01:28:39 2025] [::1]:51194 Accepted
[Thu Dec 11 01:28:39 2025] [::1]:51194 [200]: GET /style.css
[Thu Dec 11 01:28:39 2025] [::1]:51194 Closing
[Thu Dec 11 01:28:39 2025] [::1]:51202 Accepted
[Thu Dec 11 01:28:39 2025] [::1]:51202 [302]: POST /file_manager.php
[Thu Dec 11 01:28:39 2025] [::1]:51202 Closing
[Thu Dec 11 01:28:39 2025] [::1]:51212 Accepted
[Thu Dec 11 01:28:39 2025] [::1]:51212 [200]: GET /view_file.php?id=FILE_2025_001
[Thu Dec 11 01:28:39 2025] [::1]:51212 Closing
[Thu Dec 11 01:28:39 2025] [::1]:51226 Accepted
[Thu Dec 11 01:28:39 2025] [::1]:51226 [200]: GET /style.css
[Thu Dec 11 01:28:39 2025] [::1]:51226 Closing
[Thu Dec 11 01:28:40 2025] [::1]:51232 Accepted
[Thu Dec 11 01:28:40 2025] [::1]:51232 [302]: POST /view_file.php?id=FILE_2025_001
[Thu Dec 11 01:28:40 2025] [::1]:51232 Closing
[Thu Dec 11 01:28:40 2025] [::1]:51244 Accepted
[Thu Dec 11 01:28:40 2025] [::1]:51244 [200]: GET /view_file.php?id=FILE_2025_001
[Thu Dec 11 01:28:40 2025] [::1]:51244 Closing
[Thu Dec 11 01:28:40 2025] [::1]:51246 Accepted
[Thu Dec 11 01:28:40 2025] [::1]:51246 [200]: GET /style.css
[Thu Dec 11 01:28:40 2025] [::1]:51246 Closing
